<?xml version="1.0" encoding="UTF-8"?>
<coverage generated="1771633259589" clover="3.2.0">
  <project timestamp="1771633259589" name="All files">
    <metrics statements="52" coveredstatements="39" conditionals="43" coveredconditionals="31" methods="15" coveredmethods="13" elements="110" coveredelements="83" complexity="0" loc="52" ncloc="52" packages="1" files="1" classes="1"/>
    <file name="HCSFeed.tsx" path="/Users/lancerogers/Dev/ethdenver-2026-campaign/projects/dashboard/src/components/panels/HCSFeed.tsx">
      <metrics statements="52" coveredstatements="39" conditionals="43" coveredconditionals="31" methods="15" coveredmethods="13"/>
      <line num="3" count="1" type="stmt"/>
      <line num="18" count="1" type="stmt"/>
      <line num="30" count="1" type="stmt"/>
      <line num="36" count="1" type="stmt"/>
      <line num="44" count="521" type="stmt"/>
      <line num="45" count="521" type="stmt"/>
      <line num="46" count="521" type="stmt"/>
      <line num="49" count="0" type="stmt"/>
      <line num="50" count="0" type="cond" truecount="0" falsecount="2"/>
      <line num="51" count="0" type="stmt"/>
      <line num="55" count="0" type="stmt"/>
      <line num="60" count="521" type="cond" truecount="2" falsecount="0"/>
      <line num="61" count="521" type="cond" truecount="1" falsecount="1"/>
      <line num="63" count="521" type="stmt"/>
      <line num="64" count="521" type="stmt"/>
      <line num="65" count="521" type="stmt"/>
      <line num="66" count="0" type="cond" truecount="0" falsecount="2"/>
      <line num="67" count="0" type="stmt"/>
      <line num="73" count="521" type="stmt"/>
      <line num="93" count="1" type="stmt"/>
      <line num="100" count="19" type="stmt"/>
      <line num="101" count="19" type="stmt"/>
      <line num="102" count="19" type="stmt"/>
      <line num="103" count="19" type="stmt"/>
      <line num="107" count="19" type="stmt"/>
      <line num="108" count="17" type="cond" truecount="2" falsecount="0"/>
      <line num="109" count="2" type="stmt"/>
      <line num="112" count="19" type="stmt"/>
      <line num="113" count="0" type="stmt"/>
      <line num="114" count="0" type="cond" truecount="0" falsecount="2"/>
      <line num="115" count="0" type="stmt"/>
      <line num="116" count="0" type="stmt"/>
      <line num="119" count="19" type="stmt"/>
      <line num="120" count="17" type="cond" truecount="4" falsecount="0"/>
      <line num="121" count="12" type="stmt"/>
      <line num="125" count="19" type="stmt"/>
      <line num="126" count="0" type="cond" truecount="0" falsecount="2"/>
      <line num="127" count="0" type="stmt"/>
      <line num="128" count="0" type="stmt"/>
      <line num="132" count="19" type="stmt"/>
      <line num="133" count="1" type="stmt"/>
      <line num="134" count="1" type="stmt"/>
      <line num="135" count="1" type="cond" truecount="1" falsecount="1"/>
      <line num="136" count="1" type="stmt"/>
      <line num="137" count="1" type="stmt"/>
      <line num="141" count="19" type="stmt"/>
      <line num="147" count="19" type="stmt"/>
      <line num="156" count="2" type="stmt"/>
      <line num="164" count="27" type="stmt"/>
      <line num="168" count="1" type="stmt"/>
      <line num="188" count="3" type="stmt"/>
      <line num="219" count="521" type="stmt"/>
    </file>
  </project>
</coverage>
