{"/Users/lancerogers/Dev/ethdenver-2026-campaign/projects/dashboard/src/components/panels/HCSFeed.tsx": {"path":"/Users/lancerogers/Dev/ethdenver-2026-campaign/projects/dashboard/src/components/panels/HCSFeed.tsx","statementMap":{"0":{"start":{"line":93,"column":0},"end":{"line":93,"column":16}},"1":{"start":{"line":3,"column":0},"end":{"line":3,"column":74}},"2":{"start":{"line":18,"column":52},"end":{"line":28,"column":2}},"3":{"start":{"line":30,"column":45},"end":{"line":34,"column":2}},"4":{"start":{"line":36,"column":57},"end":{"line":41,"column":2}},"5":{"start":{"line":44,"column":2},"end":{"line":56,"column":3}},"6":{"start":{"line":45,"column":17},"end":{"line":45,"column":36}},"7":{"start":{"line":46,"column":4},"end":{"line":46,"column":63}},"8":{"start":{"line":49,"column":20},"end":{"line":49,"column":41}},"9":{"start":{"line":50,"column":4},"end":{"line":54,"column":5}},"10":{"start":{"line":51,"column":6},"end":{"line":53,"column":9}},"11":{"start":{"line":55,"column":4},"end":{"line":55,"column":21}},"12":{"start":{"line":60,"column":21},"end":{"line":60,"column":73}},"13":{"start":{"line":61,"column":20},"end":{"line":61,"column":91}},"14":{"start":{"line":63,"column":16},"end":{"line":63,"column":31}},"15":{"start":{"line":64,"column":2},"end":{"line":71,"column":3}},"16":{"start":{"line":65,"column":19},"end":{"line":65,"column":46}},"17":{"start":{"line":66,"column":4},"end":{"line":68,"column":5}},"18":{"start":{"line":67,"column":6},"end":{"line":67,"column":47}},"19":{"start":{"line":73,"column":2},"end":{"line":90,"column":4}},"20":{"start":{"line":100,"column":20},"end":{"line":100,"column":48}},"21":{"start":{"line":101,"column":42},"end":{"line":101,"column":56}},"22":{"start":{"line":102,"column":40},"end":{"line":102,"column":55}},"23":{"start":{"line":103,"column":44},"end":{"line":104,"column":null}},"24":{"start":{"line":107,"column":27},"end":{"line":110,"column":31}},"25":{"start":{"line":108,"column":4},"end":{"line":108,"column":50}},"26":{"start":{"line":108,"column":34},"end":{"line":108,"column":50}},"27":{"start":{"line":109,"column":4},"end":{"line":109,"column":68}},"28":{"start":{"line":109,"column":34},"end":{"line":109,"column":66}},"29":{"start":{"line":112,"column":23},"end":{"line":117,"column":8}},"30":{"start":{"line":113,"column":15},"end":{"line":113,"column":32}},"31":{"start":{"line":114,"column":4},"end":{"line":114,"column":20}},"32":{"start":{"line":114,"column":13},"end":{"line":114,"column":20}},"33":{"start":{"line":115,"column":23},"end":{"line":115,"column":76}},"34":{"start":{"line":116,"column":4},"end":{"line":116,"column":32}},"35":{"start":{"line":119,"column":2},"end":{"line":123,"column":39}},"36":{"start":{"line":120,"column":4},"end":{"line":122,"column":5}},"37":{"start":{"line":121,"column":6},"end":{"line":121,"column":67}},"38":{"start":{"line":125,"column":25},"end":{"line":130,"column":3}},"39":{"start":{"line":126,"column":4},"end":{"line":129,"column":5}},"40":{"start":{"line":127,"column":6},"end":{"line":127,"column":67}},"41":{"start":{"line":128,"column":6},"end":{"line":128,"column":28}},"42":{"start":{"line":132,"column":23},"end":{"line":139,"column":3}},"43":{"start":{"line":133,"column":4},"end":{"line":138,"column":7}},"44":{"start":{"line":134,"column":19},"end":{"line":134,"column":32}},"45":{"start":{"line":135,"column":6},"end":{"line":136,"column":26}},"46":{"start":{"line":135,"column":26},"end":{"line":135,"column":44}},"47":{"start":{"line":136,"column":11},"end":{"line":136,"column":26}},"48":{"start":{"line":137,"column":6},"end":{"line":137,"column":18}},"49":{"start":{"line":141,"column":38},"end":{"line":145,"column":4}},"50":{"start":{"line":147,"column":2},"end":{"line":235,"column":4}},"51":{"start":{"line":156,"column":29},"end":{"line":156,"column":57}},"52":{"start":{"line":164,"column":18},"end":{"line":164,"column":36}},"53":{"start":{"line":168,"column":38},"end":{"line":168,"column":56}},"54":{"start":{"line":188,"column":12},"end":{"line":188,"column":25}},"55":{"start":{"line":219,"column":12},"end":{"line":219,"column":53}}},"fnMap":{"0":{"name":"formatTime","decl":{"start":{"line":43,"column":9},"end":{"line":43,"column":19}},"loc":{"start":{"line":43,"column":37},"end":{"line":57,"column":1}}},"1":{"name":"MessageRow","decl":{"start":{"line":59,"column":9},"end":{"line":59,"column":19}},"loc":{"start":{"line":59,"column":56},"end":{"line":91,"column":1}}},"2":{"name":"HCSFeed","decl":{"start":{"line":93,"column":16},"end":{"line":93,"column":23}},"loc":{"start":{"line":99,"column":15},"end":{"line":236,"column":1}}},"3":{"name":"(anonymous_3)","decl":{"start":{"line":107,"column":35},"end":{"line":107,"column":38}},"loc":{"start":{"line":107,"column":40},"end":{"line":110,"column":3}}},"4":{"name":"(anonymous_4)","decl":{"start":{"line":109,"column":27},"end":{"line":109,"column":28}},"loc":{"start":{"line":109,"column":34},"end":{"line":109,"column":66}}},"5":{"name":"(anonymous_5)","decl":{"start":{"line":112,"column":35},"end":{"line":112,"column":38}},"loc":{"start":{"line":112,"column":40},"end":{"line":117,"column":3}}},"6":{"name":"(anonymous_6)","decl":{"start":{"line":119,"column":12},"end":{"line":119,"column":15}},"loc":{"start":{"line":119,"column":17},"end":{"line":123,"column":3}}},"7":{"name":"(anonymous_7)","decl":{"start":{"line":125,"column":25},"end":{"line":125,"column":28}},"loc":{"start":{"line":125,"column":30},"end":{"line":130,"column":3}}},"8":{"name":"(anonymous_8)","decl":{"start":{"line":132,"column":23},"end":{"line":132,"column":24}},"loc":{"start":{"line":132,"column":49},"end":{"line":139,"column":3}}},"9":{"name":"(anonymous_9)","decl":{"start":{"line":133,"column":21},"end":{"line":133,"column":22}},"loc":{"start":{"line":133,"column":30},"end":{"line":138,"column":5}}},"10":{"name":"(anonymous_10)","decl":{"start":{"line":156,"column":23},"end":{"line":156,"column":26}},"loc":{"start":{"line":156,"column":29},"end":{"line":156,"column":57}}},"11":{"name":"(anonymous_11)","decl":{"start":{"line":163,"column":30},"end":{"line":163,"column":31}},"loc":{"start":{"line":164,"column":18},"end":{"line":164,"column":36}}},"12":{"name":"(anonymous_12)","decl":{"start":{"line":168,"column":32},"end":{"line":168,"column":35}},"loc":{"start":{"line":168,"column":38},"end":{"line":168,"column":56}}},"13":{"name":"(anonymous_13)","decl":{"start":{"line":187,"column":25},"end":{"line":187,"column":26}},"loc":{"start":{"line":188,"column":12},"end":{"line":188,"column":25}}},"14":{"name":"(anonymous_14)","decl":{"start":{"line":218,"column":32},"end":{"line":218,"column":33}},"loc":{"start":{"line":219,"column":12},"end":{"line":219,"column":53}}}},"branchMap":{"0":{"loc":{"start":{"line":50,"column":4},"end":{"line":54,"column":5}},"type":"if","locations":[{"start":{"line":50,"column":4},"end":{"line":54,"column":5}},{"start":{},"end":{}}]},"1":{"loc":{"start":{"line":60,"column":21},"end":{"line":60,"column":73}},"type":"binary-expr","locations":[{"start":{"line":60,"column":21},"end":{"line":60,"column":54}},{"start":{"line":60,"column":58},"end":{"line":60,"column":73}}]},"2":{"loc":{"start":{"line":61,"column":20},"end":{"line":61,"column":91}},"type":"binary-expr","locations":[{"start":{"line":61,"column":20},"end":{"line":61,"column":60}},{"start":{"line":61,"column":64},"end":{"line":61,"column":91}}]},"3":{"loc":{"start":{"line":66,"column":4},"end":{"line":68,"column":5}},"type":"if","locations":[{"start":{"line":66,"column":4},"end":{"line":68,"column":5}},{"start":{},"end":{}}]},"4":{"loc":{"start":{"line":81,"column":11},"end":{"line":81,"column":43}},"type":"binary-expr","locations":[{"start":{"line":81,"column":11},"end":{"line":81,"column":30}},{"start":{"line":81,"column":34},"end":{"line":81,"column":43}}]},"5":{"loc":{"start":{"line":98,"column":2},"end":{"line":98,"column":16}},"type":"default-arg","locations":[{"start":{"line":98,"column":14},"end":{"line":98,"column":16}}]},"6":{"loc":{"start":{"line":108,"column":4},"end":{"line":108,"column":50}},"type":"if","locations":[{"start":{"line":108,"column":4},"end":{"line":108,"column":50}},{"start":{},"end":{}}]},"7":{"loc":{"start":{"line":114,"column":4},"end":{"line":114,"column":20}},"type":"if","locations":[{"start":{"line":114,"column":4},"end":{"line":114,"column":20}},{"start":{},"end":{}}]},"8":{"loc":{"start":{"line":120,"column":4},"end":{"line":122,"column":5}},"type":"if","locations":[{"start":{"line":120,"column":4},"end":{"line":122,"column":5}},{"start":{},"end":{}}]},"9":{"loc":{"start":{"line":120,"column":8},"end":{"line":120,"column":41}},"type":"binary-expr","locations":[{"start":{"line":120,"column":8},"end":{"line":120,"column":20}},{"start":{"line":120,"column":24},"end":{"line":120,"column":41}}]},"10":{"loc":{"start":{"line":126,"column":4},"end":{"line":129,"column":5}},"type":"if","locations":[{"start":{"line":126,"column":4},"end":{"line":129,"column":5}},{"start":{},"end":{}}]},"11":{"loc":{"start":{"line":135,"column":6},"end":{"line":136,"column":26}},"type":"if","locations":[{"start":{"line":135,"column":6},"end":{"line":136,"column":26}},{"start":{"line":136,"column":11},"end":{"line":136,"column":26}}]},"12":{"loc":{"start":{"line":159,"column":22},"end":{"line":159,"column":73}},"type":"binary-expr","locations":[{"start":{"line":159,"column":22},"end":{"line":159,"column":44}},{"start":{"line":159,"column":48},"end":{"line":159,"column":73}}]},"13":{"loc":{"start":{"line":161,"column":13},"end":{"line":174,"column":null}},"type":"binary-expr","locations":[{"start":{"line":161,"column":13},"end":{"line":161,"column":24}},{"start":{"line":162,"column":14},"end":{"line":173,"column":null}}]},"14":{"loc":{"start":{"line":167,"column":31},"end":{"line":167,"column":82}},"type":"binary-expr","locations":[{"start":{"line":167,"column":31},"end":{"line":167,"column":55}},{"start":{"line":167,"column":59},"end":{"line":167,"column":82}}]},"15":{"loc":{"start":{"line":185,"column":7},"end":{"line":193,"column":null}},"type":"binary-expr","locations":[{"start":{"line":185,"column":7},"end":{"line":185,"column":16}},{"start":{"line":185,"column":20},"end":{"line":185,"column":41}},{"start":{"line":186,"column":8},"end":{"line":192,"column":null}}]},"16":{"loc":{"start":{"line":196,"column":7},"end":{"line":199,"column":null}},"type":"binary-expr","locations":[{"start":{"line":196,"column":7},"end":{"line":196,"column":12}},{"start":{"line":197,"column":8},"end":{"line":198,"column":null}}]},"17":{"loc":{"start":{"line":202,"column":7},"end":{"line":209,"column":null}},"type":"binary-expr","locations":[{"start":{"line":202,"column":7},"end":{"line":202,"column":17}},{"start":{"line":202,"column":21},"end":{"line":202,"column":27}},{"start":{"line":202,"column":31},"end":{"line":202,"column":52}},{"start":{"line":203,"column":8},"end":{"line":208,"column":null}}]},"18":{"loc":{"start":{"line":212,"column":7},"end":{"line":221,"column":null}},"type":"binary-expr","locations":[{"start":{"line":212,"column":7},"end":{"line":212,"column":34}},{"start":{"line":213,"column":8},"end":{"line":220,"column":null}}]},"19":{"loc":{"start":{"line":225,"column":7},"end":{"line":232,"column":null}},"type":"binary-expr","locations":[{"start":{"line":225,"column":7},"end":{"line":225,"column":20}},{"start":{"line":225,"column":24},"end":{"line":225,"column":43}},{"start":{"line":226,"column":8},"end":{"line":229,"column":null}}]}},"s":{"0":1,"1":1,"2":1,"3":1,"4":1,"5":521,"6":521,"7":521,"8":0,"9":0,"10":0,"11":0,"12":521,"13":521,"14":521,"15":521,"16":521,"17":0,"18":0,"19":521,"20":19,"21":19,"22":19,"23":19,"24":19,"25":17,"26":16,"27":1,"28":2,"29":19,"30":0,"31":0,"32":0,"33":0,"34":0,"35":19,"36":17,"37":12,"38":19,"39":0,"40":0,"41":0,"42":19,"43":1,"44":1,"45":1,"46":0,"47":1,"48":1,"49":19,"50":19,"51":2,"52":27,"53":1,"54":3,"55":521},"f":{"0":521,"1":521,"2":19,"3":17,"4":2,"5":0,"6":17,"7":0,"8":1,"9":1,"10":2,"11":27,"12":1,"13":3,"14":521},"b":{"0":[0,0],"1":[521,1],"2":[521,0],"3":[0,0],"4":[521,1],"5":[19],"6":[16,1],"7":[0,0],"8":[12,5],"9":[17,17],"10":[0,0],"11":[0,1],"12":[19,1],"13":[19,3],"14":[27,9],"15":[19,1,1],"16":[19,1],"17":[19,18,17,3],"18":[19,14],"19":[19,0,0]}}
}
