TN:
SF:src/components/panels/HCSFeed.tsx
FN:43,formatTime
FN:59,MessageRow
FN:93,HCSFeed
FN:107,(anonymous_3)
FN:109,(anonymous_4)
FN:112,(anonymous_5)
FN:119,(anonymous_6)
FN:125,(anonymous_7)
FN:132,(anonymous_8)
FN:133,(anonymous_9)
FN:156,(anonymous_10)
FN:163,(anonymous_11)
FN:168,(anonymous_12)
FN:187,(anonymous_13)
FN:218,(anonymous_14)
FNF:15
FNH:13
FNDA:521,formatTime
FNDA:521,MessageRow
FNDA:19,HCSFeed
FNDA:17,(anonymous_3)
FNDA:2,(anonymous_4)
FNDA:0,(anonymous_5)
FNDA:17,(anonymous_6)
FNDA:0,(anonymous_7)
FNDA:1,(anonymous_8)
FNDA:1,(anonymous_9)
FNDA:2,(anonymous_10)
FNDA:27,(anonymous_11)
FNDA:1,(anonymous_12)
FNDA:3,(anonymous_13)
FNDA:521,(anonymous_14)
DA:3,1
DA:18,1
DA:30,1
DA:36,1
DA:44,521
DA:45,521
DA:46,521
DA:49,0
DA:50,0
DA:51,0
DA:55,0
DA:60,521
DA:61,521
DA:63,521
DA:64,521
DA:65,521
DA:66,0
DA:67,0
DA:73,521
DA:93,1
DA:100,19
DA:101,19
DA:102,19
DA:103,19
DA:107,19
DA:108,17
DA:109,2
DA:112,19
DA:113,0
DA:114,0
DA:115,0
DA:116,0
DA:119,19
DA:120,17
DA:121,12
DA:125,19
DA:126,0
DA:127,0
DA:128,0
DA:132,19
DA:133,1
DA:134,1
DA:135,1
DA:136,1
DA:137,1
DA:141,19
DA:147,19
DA:156,2
DA:164,27
DA:168,1
DA:188,3
DA:219,521
LF:52
LH:39
BRDA:50,0,0,0
BRDA:50,0,1,0
BRDA:60,1,0,521
BRDA:60,1,1,1
BRDA:61,2,0,521
BRDA:61,2,1,0
BRDA:66,3,0,0
BRDA:66,3,1,0
BRDA:81,4,0,521
BRDA:81,4,1,1
BRDA:98,5,0,19
BRDA:108,6,0,16
BRDA:108,6,1,1
BRDA:114,7,0,0
BRDA:114,7,1,0
BRDA:120,8,0,12
BRDA:120,8,1,5
BRDA:120,9,0,17
BRDA:120,9,1,17
BRDA:126,10,0,0
BRDA:126,10,1,0
BRDA:135,11,0,0
BRDA:135,11,1,1
BRDA:159,12,0,19
BRDA:159,12,1,1
BRDA:161,13,0,19
BRDA:161,13,1,3
BRDA:167,14,0,27
BRDA:167,14,1,9
BRDA:185,15,0,19
BRDA:185,15,1,1
BRDA:185,15,2,1
BRDA:196,16,0,19
BRDA:196,16,1,1
BRDA:202,17,0,19
BRDA:202,17,1,18
BRDA:202,17,2,17
BRDA:202,17,3,3
BRDA:212,18,0,19
BRDA:212,18,1,14
BRDA:225,19,0,19
BRDA:225,19,1,0
BRDA:225,19,2,0
BRF:43
BRH:31
end_of_record
